2025-08-21 22:01:29,719 - app.api.routing - INFO - Регистрируем команду: clear_tags → clear_tags_command
2025-08-21 22:03:44,084 - bs4.dammit - WARNING - Some characters could not be decoded, and were replaced with REPLACEMENT CHARACTER.
2025-08-21 22:03:44,793 - bs4.dammit - WARNING - Some characters could not be decoded, and were replaced with REPLACEMENT CHARACTER.
2025-08-21 22:03:45,194 - bs4.dammit - WARNING - Some characters could not be decoded, and were replaced with REPLACEMENT CHARACTER.
2025-08-21 22:03:45,661 - bs4.dammit - WARNING - Some characters could not be decoded, and were replaced with REPLACEMENT CHARACTER.
2025-08-21 22:03:46,734 - bs4.dammit - WARNING - Some characters could not be decoded, and were replaced with REPLACEMENT CHARACTER.
2025-08-21 22:03:47,303 - bs4.dammit - WARNING - Some characters could not be decoded, and were replaced with REPLACEMENT CHARACTER.
2025-08-21 22:03:47,767 - bs4.dammit - WARNING - Some characters could not be decoded, and were replaced with REPLACEMENT CHARACTER.
2025-08-21 22:03:48,375 - bs4.dammit - WARNING - Some characters could not be decoded, and were replaced with REPLACEMENT CHARACTER.
2025-08-21 22:03:48,743 - bs4.dammit - WARNING - Some characters could not be decoded, and were replaced with REPLACEMENT CHARACTER.
2025-08-21 22:03:49,479 - bs4.dammit - WARNING - Some characters could not be decoded, and were replaced with REPLACEMENT CHARACTER.
2025-08-21 22:03:50,089 - bs4.dammit - WARNING - Some characters could not be decoded, and were replaced with REPLACEMENT CHARACTER.
2025-08-21 22:03:50,545 - bs4.dammit - WARNING - Some characters could not be decoded, and were replaced with REPLACEMENT CHARACTER.
2025-08-21 22:03:50,924 - bs4.dammit - WARNING - Some characters could not be decoded, and were replaced with REPLACEMENT CHARACTER.
2025-08-21 22:03:51,329 - bs4.dammit - WARNING - Some characters could not be decoded, and were replaced with REPLACEMENT CHARACTER.
2025-08-21 22:03:52,058 - bs4.dammit - WARNING - Some characters could not be decoded, and were replaced with REPLACEMENT CHARACTER.
2025-08-21 22:03:52,404 - bs4.dammit - WARNING - Some characters could not be decoded, and were replaced with REPLACEMENT CHARACTER.
2025-08-21 22:03:53,037 - bs4.dammit - WARNING - Some characters could not be decoded, and were replaced with REPLACEMENT CHARACTER.
2025-08-21 22:03:53,523 - bs4.dammit - WARNING - Some characters could not be decoded, and were replaced with REPLACEMENT CHARACTER.
2025-08-21 22:03:54,305 - bs4.dammit - WARNING - Some characters could not be decoded, and were replaced with REPLACEMENT CHARACTER.
2025-08-21 22:03:55,744 - bs4.dammit - WARNING - Some characters could not be decoded, and were replaced with REPLACEMENT CHARACTER.
2025-08-21 22:03:56,219 - bs4.dammit - WARNING - Some characters could not be decoded, and were replaced with REPLACEMENT CHARACTER.
2025-08-21 22:03:56,669 - bs4.dammit - WARNING - Some characters could not be decoded, and were replaced with REPLACEMENT CHARACTER.
2025-08-21 22:03:57,037 - bs4.dammit - WARNING - Some characters could not be decoded, and were replaced with REPLACEMENT CHARACTER.
2025-08-21 22:03:57,897 - bs4.dammit - WARNING - Some characters could not be decoded, and were replaced with REPLACEMENT CHARACTER.
2025-08-21 22:03:58,604 - bs4.dammit - WARNING - Some characters could not be decoded, and were replaced with REPLACEMENT CHARACTER.
2025-08-21 22:03:59,565 - bs4.dammit - WARNING - Some characters could not be decoded, and were replaced with REPLACEMENT CHARACTER.
2025-08-21 22:04:00,653 - bs4.dammit - WARNING - Some characters could not be decoded, and were replaced with REPLACEMENT CHARACTER.
2025-08-21 22:04:01,525 - bs4.dammit - WARNING - Some characters could not be decoded, and were replaced with REPLACEMENT CHARACTER.
2025-08-21 22:04:02,227 - bs4.dammit - WARNING - Some characters could not be decoded, and were replaced with REPLACEMENT CHARACTER.
2025-08-21 22:04:03,013 - bs4.dammit - WARNING - Some characters could not be decoded, and were replaced with REPLACEMENT CHARACTER.
2025-08-21 22:04:03,545 - bs4.dammit - WARNING - Some characters could not be decoded, and were replaced with REPLACEMENT CHARACTER.
2025-08-21 22:04:03,934 - bs4.dammit - WARNING - Some characters could not be decoded, and were replaced with REPLACEMENT CHARACTER.
2025-08-21 22:04:04,594 - bs4.dammit - WARNING - Some characters could not be decoded, and were replaced with REPLACEMENT CHARACTER.
2025-08-21 22:04:05,390 - bs4.dammit - WARNING - Some characters could not be decoded, and were replaced with REPLACEMENT CHARACTER.
2025-08-21 22:04:06,145 - bs4.dammit - WARNING - Some characters could not be decoded, and were replaced with REPLACEMENT CHARACTER.
2025-08-21 22:04:06,344 - bs4.dammit - WARNING - Some characters could not be decoded, and were replaced with REPLACEMENT CHARACTER.
2025-08-21 22:04:06,974 - bs4.dammit - WARNING - Some characters could not be decoded, and were replaced with REPLACEMENT CHARACTER.
2025-08-21 22:04:07,918 - bs4.dammit - WARNING - Some characters could not be decoded, and were replaced with REPLACEMENT CHARACTER.
2025-08-21 22:04:08,346 - bs4.dammit - WARNING - Some characters could not be decoded, and were replaced with REPLACEMENT CHARACTER.
2025-08-21 22:04:08,954 - bs4.dammit - WARNING - Some characters could not be decoded, and were replaced with REPLACEMENT CHARACTER.
2025-08-21 22:04:09,626 - bs4.dammit - WARNING - Some characters could not be decoded, and were replaced with REPLACEMENT CHARACTER.
2025-08-21 22:04:09,979 - bs4.dammit - WARNING - Some characters could not be decoded, and were replaced with REPLACEMENT CHARACTER.
2025-08-21 22:04:10,382 - bs4.dammit - WARNING - Some characters could not be decoded, and were replaced with REPLACEMENT CHARACTER.
2025-08-21 22:04:10,973 - bs4.dammit - WARNING - Some characters could not be decoded, and were replaced with REPLACEMENT CHARACTER.
2025-08-21 22:04:12,225 - bs4.dammit - WARNING - Some characters could not be decoded, and were replaced with REPLACEMENT CHARACTER.
2025-08-21 22:04:12,895 - bs4.dammit - WARNING - Some characters could not be decoded, and were replaced with REPLACEMENT CHARACTER.
2025-08-21 22:04:13,324 - bs4.dammit - WARNING - Some characters could not be decoded, and were replaced with REPLACEMENT CHARACTER.
2025-08-21 22:04:13,614 - bs4.dammit - WARNING - Some characters could not be decoded, and were replaced with REPLACEMENT CHARACTER.
2025-08-21 22:04:13,905 - bs4.dammit - WARNING - Some characters could not be decoded, and were replaced with REPLACEMENT CHARACTER.
2025-08-21 22:04:14,192 - bs4.dammit - WARNING - Some characters could not be decoded, and were replaced with REPLACEMENT CHARACTER.
2025-08-21 22:04:14,866 - bs4.dammit - WARNING - Some characters could not be decoded, and were replaced with REPLACEMENT CHARACTER.
2025-08-21 22:04:15,974 - bs4.dammit - WARNING - Some characters could not be decoded, and were replaced with REPLACEMENT CHARACTER.
2025-08-21 22:04:16,715 - bs4.dammit - WARNING - Some characters could not be decoded, and were replaced with REPLACEMENT CHARACTER.
2025-08-21 22:04:17,587 - bs4.dammit - WARNING - Some characters could not be decoded, and were replaced with REPLACEMENT CHARACTER.
2025-08-21 22:04:18,105 - bs4.dammit - WARNING - Some characters could not be decoded, and were replaced with REPLACEMENT CHARACTER.
2025-08-21 22:04:18,494 - bs4.dammit - WARNING - Some characters could not be decoded, and were replaced with REPLACEMENT CHARACTER.
2025-08-21 22:04:19,434 - bs4.dammit - WARNING - Some characters could not be decoded, and were replaced with REPLACEMENT CHARACTER.
2025-08-21 22:04:19,854 - bs4.dammit - WARNING - Some characters could not be decoded, and were replaced with REPLACEMENT CHARACTER.
2025-08-21 22:04:20,254 - bs4.dammit - WARNING - Some characters could not be decoded, and were replaced with REPLACEMENT CHARACTER.
2025-08-21 22:04:20,821 - bs4.dammit - WARNING - Some characters could not be decoded, and were replaced with REPLACEMENT CHARACTER.
2025-08-21 22:04:21,755 - bs4.dammit - WARNING - Some characters could not be decoded, and were replaced with REPLACEMENT CHARACTER.
2025-08-21 22:04:22,173 - bs4.dammit - WARNING - Some characters could not be decoded, and were replaced with REPLACEMENT CHARACTER.
2025-08-21 22:04:22,714 - bs4.dammit - WARNING - Some characters could not be decoded, and were replaced with REPLACEMENT CHARACTER.
2025-08-21 22:04:23,739 - bs4.dammit - WARNING - Some characters could not be decoded, and were replaced with REPLACEMENT CHARACTER.
2025-08-21 22:04:25,110 - bs4.dammit - WARNING - Some characters could not be decoded, and were replaced with REPLACEMENT CHARACTER.
2025-08-21 22:04:25,859 - bs4.dammit - WARNING - Some characters could not be decoded, and were replaced with REPLACEMENT CHARACTER.
2025-08-21 22:04:26,425 - bs4.dammit - WARNING - Some characters could not be decoded, and were replaced with REPLACEMENT CHARACTER.
2025-08-21 22:04:27,115 - bs4.dammit - WARNING - Some characters could not be decoded, and were replaced with REPLACEMENT CHARACTER.
2025-08-21 22:04:28,089 - bs4.dammit - WARNING - Some characters could not be decoded, and were replaced with REPLACEMENT CHARACTER.
2025-08-21 22:04:28,944 - bs4.dammit - WARNING - Some characters could not be decoded, and were replaced with REPLACEMENT CHARACTER.
2025-08-21 22:04:29,323 - bs4.dammit - WARNING - Some characters could not be decoded, and were replaced with REPLACEMENT CHARACTER.
2025-08-21 22:04:29,899 - bs4.dammit - WARNING - Some characters could not be decoded, and were replaced with REPLACEMENT CHARACTER.
2025-08-21 22:04:30,476 - bs4.dammit - WARNING - Some characters could not be decoded, and were replaced with REPLACEMENT CHARACTER.
2025-08-21 22:04:31,027 - bs4.dammit - WARNING - Some characters could not be decoded, and were replaced with REPLACEMENT CHARACTER.
2025-08-21 22:04:31,730 - bs4.dammit - WARNING - Some characters could not be decoded, and were replaced with REPLACEMENT CHARACTER.
2025-08-21 22:04:32,334 - bs4.dammit - WARNING - Some characters could not be decoded, and were replaced with REPLACEMENT CHARACTER.
2025-08-21 22:04:33,104 - bs4.dammit - WARNING - Some characters could not be decoded, and were replaced with REPLACEMENT CHARACTER.
2025-08-21 22:04:33,802 - bs4.dammit - WARNING - Some characters could not be decoded, and were replaced with REPLACEMENT CHARACTER.
2025-08-21 22:04:34,179 - bs4.dammit - WARNING - Some characters could not be decoded, and were replaced with REPLACEMENT CHARACTER.
2025-08-21 22:04:34,712 - bs4.dammit - WARNING - Some characters could not be decoded, and were replaced with REPLACEMENT CHARACTER.
2025-08-21 22:04:35,228 - bs4.dammit - WARNING - Some characters could not be decoded, and were replaced with REPLACEMENT CHARACTER.
2025-08-21 22:04:35,816 - bs4.dammit - WARNING - Some characters could not be decoded, and were replaced with REPLACEMENT CHARACTER.
2025-08-21 22:04:36,705 - bs4.dammit - WARNING - Some characters could not be decoded, and were replaced with REPLACEMENT CHARACTER.
2025-08-21 22:04:37,244 - bs4.dammit - WARNING - Some characters could not be decoded, and were replaced with REPLACEMENT CHARACTER.
2025-08-21 22:04:37,994 - bs4.dammit - WARNING - Some characters could not be decoded, and were replaced with REPLACEMENT CHARACTER.
2025-08-21 22:04:38,584 - bs4.dammit - WARNING - Some characters could not be decoded, and were replaced with REPLACEMENT CHARACTER.
2025-08-21 22:04:39,300 - bs4.dammit - WARNING - Some characters could not be decoded, and were replaced with REPLACEMENT CHARACTER.
2025-08-21 22:04:40,173 - bs4.dammit - WARNING - Some characters could not be decoded, and were replaced with REPLACEMENT CHARACTER.
2025-08-21 22:04:41,019 - bs4.dammit - WARNING - Some characters could not be decoded, and were replaced with REPLACEMENT CHARACTER.
2025-08-21 22:04:41,703 - bs4.dammit - WARNING - Some characters could not be decoded, and were replaced with REPLACEMENT CHARACTER.
2025-08-21 22:04:41,811 - bs4.dammit - WARNING - Some characters could not be decoded, and were replaced with REPLACEMENT CHARACTER.
2025-08-21 22:04:42,579 - bs4.dammit - WARNING - Some characters could not be decoded, and were replaced with REPLACEMENT CHARACTER.
2025-08-21 22:04:42,825 - bs4.dammit - WARNING - Some characters could not be decoded, and were replaced with REPLACEMENT CHARACTER.
2025-08-21 22:04:48,689 - bs4.dammit - WARNING - Some characters could not be decoded, and were replaced with REPLACEMENT CHARACTER.
2025-08-21 22:04:50,430 - bs4.dammit - WARNING - Some characters could not be decoded, and were replaced with REPLACEMENT CHARACTER.
2025-08-21 22:04:51,647 - bs4.dammit - WARNING - Some characters could not be decoded, and were replaced with REPLACEMENT CHARACTER.
2025-08-21 22:04:52,916 - bs4.dammit - WARNING - Some characters could not be decoded, and were replaced with REPLACEMENT CHARACTER.
2025-08-21 22:04:54,276 - bs4.dammit - WARNING - Some characters could not be decoded, and were replaced with REPLACEMENT CHARACTER.
2025-08-21 22:04:55,785 - bs4.dammit - WARNING - Some characters could not be decoded, and were replaced with REPLACEMENT CHARACTER.
2025-08-21 22:04:56,795 - bs4.dammit - WARNING - Some characters could not be decoded, and were replaced with REPLACEMENT CHARACTER.
2025-08-21 22:04:57,753 - bs4.dammit - WARNING - Some characters could not be decoded, and were replaced with REPLACEMENT CHARACTER.
2025-08-21 22:04:59,509 - bs4.dammit - WARNING - Some characters could not be decoded, and were replaced with REPLACEMENT CHARACTER.
2025-08-21 22:05:00,364 - bs4.dammit - WARNING - Some characters could not be decoded, and were replaced with REPLACEMENT CHARACTER.
2025-08-21 22:05:00,823 - bs4.dammit - WARNING - Some characters could not be decoded, and were replaced with REPLACEMENT CHARACTER.
2025-08-21 22:05:01,327 - bs4.dammit - WARNING - Some characters could not be decoded, and were replaced with REPLACEMENT CHARACTER.
2025-08-21 22:05:02,186 - bs4.dammit - WARNING - Some characters could not be decoded, and were replaced with REPLACEMENT CHARACTER.
2025-08-21 22:05:02,363 - bs4.dammit - WARNING - Some characters could not be decoded, and were replaced with REPLACEMENT CHARACTER.
2025-08-21 22:05:03,583 - bs4.dammit - WARNING - Some characters could not be decoded, and were replaced with REPLACEMENT CHARACTER.
2025-08-21 22:05:04,472 - bs4.dammit - WARNING - Some characters could not be decoded, and were replaced with REPLACEMENT CHARACTER.
2025-08-21 22:05:05,378 - bs4.dammit - WARNING - Some characters could not be decoded, and were replaced with REPLACEMENT CHARACTER.
2025-08-21 22:05:05,796 - bs4.dammit - WARNING - Some characters could not be decoded, and were replaced with REPLACEMENT CHARACTER.
2025-08-21 22:05:06,352 - bs4.dammit - WARNING - Some characters could not be decoded, and were replaced with REPLACEMENT CHARACTER.
2025-08-21 22:05:06,817 - bs4.dammit - WARNING - Some characters could not be decoded, and were replaced with REPLACEMENT CHARACTER.
2025-08-21 22:05:07,464 - bs4.dammit - WARNING - Some characters could not be decoded, and were replaced with REPLACEMENT CHARACTER.
2025-08-21 22:05:08,343 - bs4.dammit - WARNING - Some characters could not be decoded, and were replaced with REPLACEMENT CHARACTER.
2025-08-21 22:05:09,219 - bs4.dammit - WARNING - Some characters could not be decoded, and were replaced with REPLACEMENT CHARACTER.
2025-08-21 22:05:10,072 - bs4.dammit - WARNING - Some characters could not be decoded, and were replaced with REPLACEMENT CHARACTER.
2025-08-21 22:05:10,868 - bs4.dammit - WARNING - Some characters could not be decoded, and were replaced with REPLACEMENT CHARACTER.
2025-08-21 22:05:12,147 - bs4.dammit - WARNING - Some characters could not be decoded, and were replaced with REPLACEMENT CHARACTER.
2025-08-21 22:05:12,982 - bs4.dammit - WARNING - Some characters could not be decoded, and were replaced with REPLACEMENT CHARACTER.
2025-08-21 22:05:13,125 - bs4.dammit - WARNING - Some characters could not be decoded, and were replaced with REPLACEMENT CHARACTER.
2025-08-21 22:05:13,262 - bs4.dammit - WARNING - Some characters could not be decoded, and were replaced with REPLACEMENT CHARACTER.
2025-08-21 22:05:14,173 - bs4.dammit - WARNING - Some characters could not be decoded, and were replaced with REPLACEMENT CHARACTER.
2025-08-21 22:05:14,559 - bs4.dammit - WARNING - Some characters could not be decoded, and were replaced with REPLACEMENT CHARACTER.
2025-08-21 22:05:15,282 - bs4.dammit - WARNING - Some characters could not be decoded, and were replaced with REPLACEMENT CHARACTER.
2025-08-21 22:05:15,644 - bs4.dammit - WARNING - Some characters could not be decoded, and were replaced with REPLACEMENT CHARACTER.
2025-08-21 22:05:16,464 - bs4.dammit - WARNING - Some characters could not be decoded, and were replaced with REPLACEMENT CHARACTER.
2025-08-21 22:05:17,172 - bs4.dammit - WARNING - Some characters could not be decoded, and were replaced with REPLACEMENT CHARACTER.
2025-08-21 22:05:17,472 - bs4.dammit - WARNING - Some characters could not be decoded, and were replaced with REPLACEMENT CHARACTER.
2025-08-21 22:05:18,766 - bs4.dammit - WARNING - Some characters could not be decoded, and were replaced with REPLACEMENT CHARACTER.
2025-08-21 22:05:19,404 - bs4.dammit - WARNING - Some characters could not be decoded, and were replaced with REPLACEMENT CHARACTER.
2025-08-21 22:05:19,653 - app.core.commands.clear_tags - INFO - Обработка завершена для scan_id=301.
2025-08-21 22:05:19,883 - httpx - INFO - HTTP Request: POST http://testserver/scan/clear_tags "HTTP/1.1 200 OK"
2025-08-21 22:11:23,386 - app.api.routing - INFO - Регистрируем команду: clear_tags → clear_tags_command
2025-08-22 20:36:13,065 - app.api.routing - INFO - Регистрируем команду: clear_tags → clear_tags_command
2025-08-22 20:49:19,322 - app.api.routing - INFO - Регистрируем команду: clear_tags → clear_tags_command
2025-08-22 20:54:07,232 - app.core.commands.clear_tags - ERROR - Ошибка при обработке scan_id=17: list indices must be integers or slices, not str
2025-08-22 21:15:42,951 - app.core.commands.clear_tags - INFO - Обработка завершена для scan_id=17.
2025-08-22 21:15:42,953 - app.api.routing - INFO - Регистрируем команду: clear_tags → clear_tags_command
2025-08-22 21:15:59,016 - app.core.commands.clear_tags - INFO - Обработка завершена для scan_id=17.
2025-08-22 21:15:59,016 - app.api.routing - INFO - Регистрируем команду: clear_tags → clear_tags_command
2025-08-22 21:16:13,995 - app.core.commands.clear_tags - INFO - Обработка завершена для scan_id=17.
2025-08-22 21:16:13,997 - app.api.routing - INFO - Регистрируем команду: clear_tags → clear_tags_command
